This is XeTeX, Version 3.14159265-2.6-0.99999 (MiKTeX 2.9.6930 64-bit) (preloaded format=xelatex 2019.2.8)  24 MAY 2019 11:28
entering extended mode
**./All.tex
(All.tex
LaTeX2e <2018-12-01>
("C:\Users\Lab905\AppData\Local\Programs\MiKTeX 2.9\tex/latex/base\report.cls"
Document Class: report 2018/09/03 v1.4i Standard LaTeX document class
("C:\Users\Lab905\AppData\Local\Programs\MiKTeX 2.9\tex/latex/base\size10.clo"
File: size10.clo 2018/09/03 v1.4i Standard LaTeX file (size option)
)
\c@part=\count80
\c@chapter=\count81
\c@section=\count82
\c@subsection=\count83
\c@subsubsection=\count84
\c@paragraph=\count85
\c@subparagraph=\count86
\c@figure=\count87
\c@table=\count88
\abovecaptionskip=\skip41
\belowcaptionskip=\skip42
\bibindent=\dimen102
)
("C:\Users\Lab905\AppData\Local\Programs\MiKTeX 2.9\tex/latex/xltxtra\xltxtra.s
ty"
Package: xltxtra 2018/12/31 v0.7 Improvements for the "XeLaTeX" format

("C:\Users\Lab905\AppData\Local\Programs\MiKTeX 2.9\tex/generic/oberdiek\ifluat
ex.sty"
Package: ifluatex 2016/05/16 v1.4 Provides the ifluatex switch (HO)
Package ifluatex Info: LuaTeX not detected.
)
("C:\Users\Lab905\AppData\Local\Programs\MiKTeX 2.9\tex/generic/ifxetex\ifxetex
.sty"
Package: ifxetex 2010/09/12 v0.6 Provides ifxetex conditional
)
("C:\Users\Lab905\AppData\Local\Programs\MiKTeX 2.9\tex/latex/fontspec\fontspec
.sty"
("C:\Users\Lab905\AppData\Local\Programs\MiKTeX 2.9\tex/latex/l3packages/xparse
\xparse.sty"
("C:\Users\Lab905\AppData\Local\Programs\MiKTeX 2.9\tex/latex/l3kernel\expl3.st
y"
Package: expl3 2019-01-28 L3 programming layer (loader) 

("C:\Users\Lab905\AppData\Local\Programs\MiKTeX 2.9\tex/latex/l3kernel\expl3-co
de.tex"
Package: expl3 2019-01-28 L3 programming layer (code)
\c_max_int=\count89
\l_tmpa_int=\count90
\l_tmpb_int=\count91
\g_tmpa_int=\count92
\g_tmpb_int=\count93
\g__kernel_prg_map_int=\count94
\c_log_iow=\count95
\l_iow_line_count_int=\count96
\l__iow_line_target_int=\count97
\l__iow_one_indent_int=\count98
\l__iow_indent_int=\count99
\c_zero_dim=\dimen103
\c_max_dim=\dimen104
\l_tmpa_dim=\dimen105
\l_tmpb_dim=\dimen106
\g_tmpa_dim=\dimen107
\g_tmpb_dim=\dimen108
\c_zero_skip=\skip43
\c_max_skip=\skip44
\l_tmpa_skip=\skip45
\l_tmpb_skip=\skip46
\g_tmpa_skip=\skip47
\g_tmpb_skip=\skip48
\c_zero_muskip=\muskip10
\c_max_muskip=\muskip11
\l_tmpa_muskip=\muskip12
\l_tmpb_muskip=\muskip13
\g_tmpa_muskip=\muskip14
\g_tmpb_muskip=\muskip15
\l_keys_choice_int=\count100
\l__intarray_loop_int=\count101
\c__intarray_sp_dim=\dimen109
\g__intarray_font_int=\count102
\c__fp_leading_shift_int=\count103
\c__fp_middle_shift_int=\count104
\c__fp_trailing_shift_int=\count105
\c__fp_big_leading_shift_int=\count106
\c__fp_big_middle_shift_int=\count107
\c__fp_big_trailing_shift_int=\count108
\c__fp_Bigg_leading_shift_int=\count109
\c__fp_Bigg_middle_shift_int=\count110
\c__fp_Bigg_trailing_shift_int=\count111
\g__fp_array_int=\count112
\l__fp_array_loop_int=\count113
\l__sort_length_int=\count114
\l__sort_min_int=\count115
\l__sort_top_int=\count116
\l__sort_max_int=\count117
\l__sort_true_max_int=\count118
\l__sort_block_int=\count119
\l__sort_begin_int=\count120
\l__sort_end_int=\count121
\l__sort_A_int=\count122
\l__sort_B_int=\count123
\l__sort_C_int=\count124
\l__tl_analysis_normal_int=\count125
\l__tl_analysis_index_int=\count126
\l__tl_analysis_nesting_int=\count127
\l__tl_analysis_type_int=\count128
\l__regex_internal_a_int=\count129
\l__regex_internal_b_int=\count130
\l__regex_internal_c_int=\count131
\l__regex_balance_int=\count132
\l__regex_group_level_int=\count133
\l__regex_mode_int=\count134
\c__regex_cs_in_class_mode_int=\count135
\c__regex_cs_mode_int=\count136
\l__regex_catcodes_int=\count137
\l__regex_default_catcodes_int=\count138
\c__regex_catcode_L_int=\count139
\c__regex_catcode_O_int=\count140
\c__regex_catcode_A_int=\count141
\c__regex_all_catcodes_int=\count142
\l__regex_show_lines_int=\count143
\l__regex_min_state_int=\count144
\l__regex_max_state_int=\count145
\l__regex_left_state_int=\count146
\l__regex_right_state_int=\count147
\l__regex_capturing_group_int=\count148
\l__regex_min_pos_int=\count149
\l__regex_max_pos_int=\count150
\l__regex_curr_pos_int=\count151
\l__regex_start_pos_int=\count152
\l__regex_success_pos_int=\count153
\l__regex_curr_char_int=\count154
\l__regex_curr_catcode_int=\count155
\l__regex_last_char_int=\count156
\l__regex_case_changed_char_int=\count157
\l__regex_curr_state_int=\count158
\l__regex_step_int=\count159
\l__regex_min_active_int=\count160
\l__regex_max_active_int=\count161
\l__regex_replacement_csnames_int=\count162
\l__regex_match_count_int=\count163
\l__regex_min_submatch_int=\count164
\l__regex_submatch_int=\count165
\l__regex_zeroth_submatch_int=\count166
\g__regex_trace_regex_int=\count167
\c_empty_box=\box27
\l_tmpa_box=\box28
\l_tmpb_box=\box29
\g_tmpa_box=\box30
\g_tmpb_box=\box31
\l__box_top_dim=\dimen110
\l__box_bottom_dim=\dimen111
\l__box_left_dim=\dimen112
\l__box_right_dim=\dimen113
\l__box_top_new_dim=\dimen114
\l__box_bottom_new_dim=\dimen115
\l__box_left_new_dim=\dimen116
\l__box_right_new_dim=\dimen117
\l__box_internal_box=\box32
\l__coffin_internal_box=\box33
\l__coffin_internal_dim=\dimen118
\l__coffin_offset_x_dim=\dimen119
\l__coffin_offset_y_dim=\dimen120
\l__coffin_x_dim=\dimen121
\l__coffin_y_dim=\dimen122
\l__coffin_x_prime_dim=\dimen123
\l__coffin_y_prime_dim=\dimen124
\c_empty_coffin=\box34
\l__coffin_aligned_coffin=\box35
\l__coffin_aligned_internal_coffin=\box36
\l_tmpa_coffin=\box37
\l_tmpb_coffin=\box38
\g_tmpa_coffin=\box39
\g_tmpb_coffin=\box40
\c__coffin_empty_coffin=\box41
\l__coffin_display_coffin=\box42
\l__coffin_display_coord_coffin=\box43
\l__coffin_display_pole_coffin=\box44
\l__coffin_display_offset_dim=\dimen125
\l__coffin_display_x_dim=\dimen126
\l__coffin_display_y_dim=\dimen127
\g__file_internal_ior=\read1
\l__coffin_bounding_shift_dim=\dimen128
\l__coffin_left_corner_dim=\dimen129
\l__coffin_right_corner_dim=\dimen130
\l__coffin_bottom_corner_dim=\dimen131
\l__coffin_top_corner_dim=\dimen132
\l__coffin_scaled_total_height_dim=\dimen133
\l__coffin_scaled_width_dim=\dimen134
\l__seq_internal_a_int=\count168
\l__seq_internal_b_int=\count169
)
("C:\Users\Lab905\AppData\Local\Programs\MiKTeX 2.9\tex/latex/l3kernel\l3xdvipd
fmx.def"
File: l3xdvipdfmx.def 2019-01-28 v L3 Experimental driver: xdvipdfmx
\g__driver_image_int=\count170
\g__driver_pdf_object_int=\count171
))
Package: xparse 2018-10-17 L3 Experimental document command parser
\l__xparse_current_arg_int=\count172
\g__xparse_grabber_int=\count173
\l__xparse_m_args_int=\count174
\l__xparse_mandatory_args_int=\count175
\l__xparse_v_nesting_int=\count176
)
Package: fontspec 2018/07/30 vv2.6h Font selection for XeLaTeX and LuaLaTeX

("C:\Users\Lab905\AppData\Local\Programs\MiKTeX 2.9\tex/latex/fontspec\fontspec
-xetex.sty"
Package: fontspec-xetex 2018/07/30 vv2.6h Font selection for XeLaTeX and LuaLaT
eX
\l__fontspec_script_int=\count177
\l__fontspec_language_int=\count178
\l__fontspec_strnum_int=\count179
\l__fontspec_tmp_int=\count180
\l__fontspec_em_int=\count181
\l__fontspec_emdef_int=\count182
\l__fontspec_strong_int=\count183
\l__fontspec_strongdef_int=\count184
\l__fontspec_tmpa_dim=\dimen135
\l__fontspec_tmpb_dim=\dimen136
\l__fontspec_tmpc_dim=\dimen137

("C:\Users\Lab905\AppData\Local\Programs\MiKTeX 2.9\tex/latex/base\fontenc.sty"
Package: fontenc 2018/08/11 v2.0j Standard LaTeX package
("C:\Users\Lab905\AppData\Local\Programs\MiKTeX 2.9\tex/latex/base\tuenc.def"
File: tuenc.def 2018/08/11 v2.0j Standard LaTeX file
LaTeX Font Info:    Redeclaring font encoding TU on input line 82.
))
("C:\Users\Lab905\AppData\Local\Programs\MiKTeX 2.9\tex/latex/fontspec\fontspec
.cfg")
LaTeX Info: Redefining \itshape on input line 3910.
LaTeX Info: Redefining \slshape on input line 3915.
LaTeX Info: Redefining \scshape on input line 3920.
LaTeX Info: Redefining \upshape on input line 3925.
LaTeX Info: Redefining \em on input line 3955.
LaTeX Info: Redefining \emph on input line 3980.
LaTeX Info: Redefining \- on input line 4034.
))
("C:\Users\Lab905\AppData\Local\Programs\MiKTeX 2.9\tex/latex/realscripts\reals
cripts.sty"
Package: realscripts 2016/02/13 v0.3d Access OpenType subscripts and superscrip
ts
\subsupersep=\dimen138
)
("C:\Users\Lab905\AppData\Local\Programs\MiKTeX 2.9\tex/latex/metalogo\metalogo
.sty"
Package: metalogo 2010/05/29 v0.12 Extended TeX logo macros

("C:\Users\Lab905\AppData\Local\Programs\MiKTeX 2.9\tex/latex/graphics\graphicx
.sty"
Package: graphicx 2017/06/01 v1.1a Enhanced LaTeX Graphics (DPC,SPQR)

("C:\Users\Lab905\AppData\Local\Programs\MiKTeX 2.9\tex/latex/graphics\keyval.s
ty"
Package: keyval 2014/10/28 v1.15 key=value parser (DPC)
\KV@toks@=\toks14
)
("C:\Users\Lab905\AppData\Local\Programs\MiKTeX 2.9\tex/latex/graphics\graphics
.sty"
Package: graphics 2017/06/25 v1.2c Standard LaTeX Graphics (DPC,SPQR)

("C:\Users\Lab905\AppData\Local\Programs\MiKTeX 2.9\tex/latex/graphics\trig.sty
"
Package: trig 2016/01/03 v1.10 sin cos tan (DPC)
)
("C:\Users\Lab905\AppData\Local\Programs\MiKTeX 2.9\tex/latex/graphics-cfg\grap
hics.cfg"
File: graphics.cfg 2016/06/04 v1.11 sample graphics configuration
)
Package graphics Info: Driver file: xetex.def on input line 99.

("C:\Users\Lab905\AppData\Local\Programs\MiKTeX 2.9\tex/latex/graphics-def\xete
x.def"
File: xetex.def 2017/06/24 v5.0h Graphics/color driver for xetex
))
\Gin@req@height=\dimen139
\Gin@req@width=\dimen140
)
\xl@everylogo=\toks15
\xl@@everylogo=\toks16
LaTeX Info: Redefining \TeX on input line 193.
LaTeX Info: Redefining \LaTeX on input line 202.
LaTeX Info: Redefining \LaTeXe on input line 219.
)
\l__xetex_show_hyphens_wrapping_box=\box45
\l__xetex_show_hyphens_temp_box=\box46
\l__xetex_show_hyphens_final_box=\box47
\g__xetex_show_hyphens_word_box=\box48
)
("C:\Users\Lab905\AppData\Local\Programs\MiKTeX 2.9\tex/xelatex/xunicode\xunico
de.sty"
File: xunicode.sty 2011/09/09 v0.981 provides access to latin accents and many 
other characters in Unicode lower plane

("C:\Users\Lab905\AppData\Local\Programs\MiKTeX 2.9\tex/latex/tipa\t3enc.def"
File: t3enc.def 2001/12/31 T3 encoding
)
\tipaTiiicode=\count185
\tipasavetokens=\toks17
\tipachecktokens=\toks18
)
("C:\Users\Lab905\AppData\Local\Programs\MiKTeX 2.9\tex/latex/polyglossia\polyg
lossia.sty"
Package: polyglossia 2018/04/07 v1.43 Alternative to Babel for XeLaTeX and LuaL
aTeX

("C:\Users\Lab905\AppData\Local\Programs\MiKTeX 2.9\tex/latex/etoolbox\etoolbox
.sty"
Package: etoolbox 2018/08/19 v2.5f e-TeX tools for LaTeX (JAW)
\etb@tempcnta=\count186
)
("C:\Users\Lab905\AppData\Local\Programs\MiKTeX 2.9\tex/latex/makecmds\makecmds
.sty"
Package: makecmds 2009/09/03 v1.0a extra command making commands
)
("C:\Users\Lab905\AppData\Local\Programs\MiKTeX 2.9\tex/latex/xkeyval\xkeyval.s
ty"
Package: xkeyval 2014/12/03 v2.7a package option processing (HA)

("C:\Users\Lab905\AppData\Local\Programs\MiKTeX 2.9\tex/generic/xkeyval\xkeyval
.tex"
("C:\Users\Lab905\AppData\Local\Programs\MiKTeX 2.9\tex/generic/xkeyval\xkvutil
s.tex"
\XKV@toks=\toks19
\XKV@tempa@toks=\toks20
)
\XKV@depth=\count187
File: xkeyval.tex 2014/12/03 v2.7a key=value parser (HA)
))
\xpg@normalclass=\XeTeXcharclass1
)

Package fontspec Info: Font family 'LiberationSans(0)' created for font
(fontspec)             'Liberation Sans' with options [].
(fontspec)              
(fontspec)              This font family consists of the following NFSS
(fontspec)             series/shapes:
(fontspec)              
(fontspec)             - 'normal' (m/n) with NFSS spec.: <->"Liberation
(fontspec)             Sans/OT:script=latn;language=DFLT;"
(fontspec)             - 'small caps'  (m/sc) with NFSS spec.: 
(fontspec)             - 'bold' (bx/n) with NFSS spec.: <->"Liberation
(fontspec)             Sans/B/OT:script=latn;language=DFLT;"
(fontspec)             - 'bold small caps'  (bx/sc) with NFSS spec.: 
(fontspec)             - 'italic' (m/it) with NFSS spec.: <->"Liberation
(fontspec)             Sans/I/OT:script=latn;language=DFLT;"
(fontspec)             - 'italic small caps'  (m/itsc) with NFSS spec.: 
(fontspec)             - 'bold italic' (bx/it) with NFSS spec.: <->"Liberation
(fontspec)             Sans/BI/OT:script=latn;language=DFLT;"
(fontspec)             - 'bold italic small caps'  (bx/itsc) with NFSS spec.: 


("C:\Users\Lab905\AppData\Local\Programs\MiKTeX 2.9\tex/latex/subfiles\subfiles
.sty"
Package: subfiles 2018/07/31 Federico Garcia, Gernot Salzer

("C:\Users\Lab905\AppData\Local\Programs\MiKTeX 2.9\tex/latex/tools\verbatim.st
y"
Package: verbatim 2014/10/28 v1.5q LaTeX2e package for verbatim enhancements
\every@verbatim=\toks21
\verbatim@line=\toks22
\verbatim@in@stream=\read2
))
("C:\Users\Lab905\AppData\Local\Programs\MiKTeX 2.9\tex/latex/polyglossia\gloss
-russian.ldf"
File: gloss-russian.ldf polyglossia: module for russian

("C:\Users\Lab905\AppData\Local\Programs\MiKTeX 2.9\tex/latex/polyglossia\babel
sh.def"
File: babelsh.def 2013/04/30 Babel common definitions for shorthands
 Taken verbatim from babel.def (2013/04/15 v3.9e)
)
Package polyglossia Info: Making " an active character on input line 41.
)
Package polyglossia Info: Default language is russian.

("C:\Users\Lab905\AppData\Local\Programs\MiKTeX 2.9\tex/latex/polyglossia\gloss
-english.ldf"
File: gloss-english.ldf polyglossia: module for english
)
("C:\Users\Lab905\AppData\Local\Programs\MiKTeX 2.9\tex/latex/geometry\geometry
.sty"
Package: geometry 2018/04/16 v5.8 Page Geometry

("C:\Users\Lab905\AppData\Local\Programs\MiKTeX 2.9\tex/generic/oberdiek\ifpdf.
sty"
Package: ifpdf 2018/09/07 v3.3 Provides the ifpdf switch
)
("C:\Users\Lab905\AppData\Local\Programs\MiKTeX 2.9\tex/generic/oberdiek\ifvtex
.sty"
Package: ifvtex 2016/05/16 v1.6 Detect VTeX and its facilities (HO)
Package ifvtex Info: VTeX not detected.
)
\Gm@cnth=\count188
\Gm@cntv=\count189
\c@Gm@tempcnt=\count190
\Gm@bindingoffset=\dimen141
\Gm@wd@mp=\dimen142
\Gm@odd@mp=\dimen143
\Gm@even@mp=\dimen144
\Gm@layoutwidth=\dimen145
\Gm@layoutheight=\dimen146
\Gm@layouthoffset=\dimen147
\Gm@layoutvoffset=\dimen148
\Gm@dimlist=\toks23

("C:\Users\Lab905\AppData\Local\Programs\MiKTeX 2.9\tex/xelatex/xetexconfig\geo
metry.cfg"))
("C:\Users\Lab905\AppData\Local\Programs\MiKTeX 2.9\tex/latex/ms\ragged2e.sty"
Package: ragged2e 2009/05/21 v2.1 ragged2e Package (MS)

("C:\Users\Lab905\AppData\Local\Programs\MiKTeX 2.9\tex/latex/ms\everysel.sty"
Package: everysel 2011/10/28 v1.2 EverySelectfont Package (MS)
)
\CenteringLeftskip=\skip49
\RaggedLeftLeftskip=\skip50
\RaggedRightLeftskip=\skip51
\CenteringRightskip=\skip52
\RaggedLeftRightskip=\skip53
\RaggedRightRightskip=\skip54
\CenteringParfillskip=\skip55
\RaggedLeftParfillskip=\skip56
\RaggedRightParfillskip=\skip57
\JustifyingParfillskip=\skip58
\CenteringParindent=\skip59
\RaggedLeftParindent=\skip60
\RaggedRightParindent=\skip61
\JustifyingParindent=\skip62
)
("C:\Users\Lab905\AppData\Local\Programs\MiKTeX 2.9\tex/latex/xcolor\xcolor.sty
"
Package: xcolor 2016/05/11 v2.12 LaTeX color extensions (UK)

("C:\Users\Lab905\AppData\Local\Programs\MiKTeX 2.9\tex/latex/graphics-cfg\colo
r.cfg"
File: color.cfg 2016/01/02 v1.6 sample color configuration
)
Package xcolor Info: Driver file: xetex.def on input line 225.
Package xcolor Info: Model `cmy' substituted by `cmy0' on input line 1348.
Package xcolor Info: Model `RGB' extended on input line 1364.
Package xcolor Info: Model `HTML' substituted by `rgb' on input line 1366.
Package xcolor Info: Model `Hsb' substituted by `hsb' on input line 1367.
Package xcolor Info: Model `tHsb' substituted by `hsb' on input line 1368.
Package xcolor Info: Model `HSB' substituted by `hsb' on input line 1369.
Package xcolor Info: Model `Gray' substituted by `gray' on input line 1370.
Package xcolor Info: Model `wave' substituted by `hsb' on input line 1371.

("C:\Users\Lab905\AppData\Local\Programs\MiKTeX 2.9\tex/latex/graphics\dvipsnam
.def"
File: dvipsnam.def 2016/06/17 v3.0m Driver-dependent file (DPC,SPQR)
))
("C:\Users\Lab905\AppData\Local\Programs\MiKTeX 2.9\tex/latex/newverbs\newverbs
.sty"
Package: newverbs 2012/05/08 v1.3a Define new 'verb' commands and short verb. c
haracters
)
("C:\Users\Lab905\AppData\Local\Programs\MiKTeX 2.9\tex/latex/titlesec\titlesec
.sty"
Package: titlesec 2016/03/21 v2.10.2 Sectioning titles
\ttl@box=\box49
\beforetitleunit=\skip63
\aftertitleunit=\skip64
\ttl@plus=\dimen149
\ttl@minus=\dimen150
\ttl@toksa=\toks24
\titlewidth=\dimen151
\titlewidthlast=\dimen152
\titlewidthfirst=\dimen153
)
("C:\Users\Lab905\AppData\Local\Programs\MiKTeX 2.9\tex/latex/blindtext\blindte
xt.sty"
Package: blindtext 2012/01/06 V2.0 blindtext-Package

("C:\Users\Lab905\AppData\Local\Programs\MiKTeX 2.9\tex/latex/tools\xspace.sty"
Package: xspace 2014/10/28 v1.13 Space after command names (DPC,MH)
)
\c@blindtext=\count191
\c@Blindtext=\count192
\c@blind@countparstart=\count193
\blind@countxx=\count194
\blindtext@numBlindtext=\count195
\blind@countyy=\count196
\c@blindlist=\count197
\c@blindlistlevel=\count198
\c@blindlist@level=\count199
\blind@listitem=\count266
\c@blind@listcount=\count267
\c@blind@levelcount=\count268
\blind@mathformula=\count269
\blind@Mathformula=\count270
\c@blind@randomcount=\count271
\c@blind@randommax=\count272
\c@blind@pangramcount=\count273
\c@blind@pangrammax=\count274
)
("C:\Users\Lab905\AppData\Local\Programs\MiKTeX 2.9\tex/latex/marvosym\marvosym
.sty"
Package: marvosym 2011/07/20 v2.2 Martin Vogel's Symbols font definitions
)
("C:\Users\Lab905\AppData\Local\Programs\MiKTeX 2.9\tex/latex/hyperref\hyperref
.sty"
Package: hyperref 2018/11/30 v6.88e Hypertext links for LaTeX

("C:\Users\Lab905\AppData\Local\Programs\MiKTeX 2.9\tex/generic/oberdiek\hobsub
-hyperref.sty"
Package: hobsub-hyperref 2016/05/16 v1.14 Bundle oberdiek, subset hyperref (HO)


("C:\Users\Lab905\AppData\Local\Programs\MiKTeX 2.9\tex/generic/oberdiek\hobsub
-generic.sty"
Package: hobsub-generic 2016/05/16 v1.14 Bundle oberdiek, subset generic (HO)
Package: hobsub 2016/05/16 v1.14 Construct package bundles (HO)
Package: infwarerr 2016/05/16 v1.4 Providing info/warning/error messages (HO)
Package: ltxcmds 2016/05/16 v1.23 LaTeX kernel commands for general use (HO)
Package hobsub Info: Skipping package `ifluatex' (already loaded).
Package hobsub Info: Skipping package `ifvtex' (already loaded).
Package: intcalc 2016/05/16 v1.2 Expandable calculations with integers (HO)
Package hobsub Info: Skipping package `ifpdf' (already loaded).
Package: etexcmds 2016/05/16 v1.6 Avoid name clashes with e-TeX commands (HO)
Package: kvsetkeys 2016/05/16 v1.17 Key value parser (HO)
Package: kvdefinekeys 2016/05/16 v1.4 Define keys (HO)
Package: pdftexcmds 2018/09/10 v0.29 Utility functions of pdfTeX for LuaTeX (HO
)
Package pdftexcmds Info: LuaTeX not detected.
Package pdftexcmds Info: pdfTeX >= 1.30 not detected.
Package pdftexcmds Info: \pdf@primitive is available.
Package pdftexcmds Info: \pdf@ifprimitive is available.
Package pdftexcmds Info: \pdfdraftmode not found.
Package: pdfescape 2016/05/16 v1.14 Implements pdfTeX's escape features (HO)
Package: bigintcalc 2016/05/16 v1.4 Expandable calculations on big integers (HO
)
Package: bitset 2016/05/16 v1.2 Handle bit-vector datatype (HO)
Package: uniquecounter 2016/05/16 v1.3 Provide unlimited unique counter (HO)
)
Package hobsub Info: Skipping package `hobsub' (already loaded).
Package: letltxmacro 2016/05/16 v1.5 Let assignment for LaTeX macros (HO)
Package: hopatch 2016/05/16 v1.3 Wrapper for package hooks (HO)
Package: xcolor-patch 2016/05/16 xcolor patch
Package: atveryend 2016/05/16 v1.9 Hooks at the very end of document (HO)
Package: atbegshi 2016/06/09 v1.18 At begin shipout hook (HO)
Package: refcount 2016/05/16 v3.5 Data extraction from label references (HO)
Package: hycolor 2016/05/16 v1.8 Color options for hyperref/bookmark (HO)
)
("C:\Users\Lab905\AppData\Local\Programs\MiKTeX 2.9\tex/latex/oberdiek\auxhook.
sty"
Package: auxhook 2016/05/16 v1.4 Hooks for auxiliary files (HO)
)
("C:\Users\Lab905\AppData\Local\Programs\MiKTeX 2.9\tex/latex/oberdiek\kvoption
s.sty"
Package: kvoptions 2016/05/16 v3.12 Key value format for package options (HO)
)
\@linkdim=\dimen154
\Hy@linkcounter=\count275
\Hy@pagecounter=\count276

("C:\Users\Lab905\AppData\Local\Programs\MiKTeX 2.9\tex/latex/hyperref\pd1enc.d
ef"
File: pd1enc.def 2018/11/30 v6.88e Hyperref: PDFDocEncoding definition (HO)
)
\Hy@SavedSpaceFactor=\count277

("C:\Users\Lab905\AppData\Local\Programs\MiKTeX 2.9\tex/latex/00miktex\hyperref
.cfg"
File: hyperref.cfg 2002/06/06 v1.2 hyperref configuration of TeXLive
)
Package hyperref Info: Option `unicode' set `true' on input line 4393.

("C:\Users\Lab905\AppData\Local\Programs\MiKTeX 2.9\tex/latex/hyperref\puenc.de
f"
File: puenc.def 2018/11/30 v6.88e Hyperref: PDF Unicode definition (HO)
)
Package hyperref Info: Hyper figures OFF on input line 4519.
Package hyperref Info: Link nesting OFF on input line 4524.
Package hyperref Info: Hyper index ON on input line 4527.
Package hyperref Info: Plain pages OFF on input line 4534.
Package hyperref Info: Backreferencing OFF on input line 4539.
Package hyperref Info: Implicit mode ON; LaTeX internals redefined.
Package hyperref Info: Bookmarks ON on input line 4772.
\c@Hy@tempcnt=\count278
 ("C:\Users\Lab905\AppData\Local\Programs\MiKTeX 2.9\tex/latex/url\url.sty"
\Urlmuskip=\muskip16
Package: url 2013/09/16  ver 3.4  Verb mode for urls, etc.
)
LaTeX Info: Redefining \url on input line 5125.
\XeTeXLinkMargin=\dimen155
\Fld@menulength=\count279
\Field@Width=\dimen156
\Fld@charsize=\dimen157
Package hyperref Info: Hyper figures OFF on input line 6380.
Package hyperref Info: Link nesting OFF on input line 6385.
Package hyperref Info: Hyper index ON on input line 6388.
Package hyperref Info: backreferencing OFF on input line 6395.
Package hyperref Info: Link coloring OFF on input line 6400.
Package hyperref Info: Link coloring with OCG OFF on input line 6405.
Package hyperref Info: PDF/A mode OFF on input line 6410.
LaTeX Info: Redefining \ref on input line 6450.
LaTeX Info: Redefining \pageref on input line 6454.
\Hy@abspage=\count280
\c@Item=\count281
\c@Hfootnote=\count282
)
Package hyperref Info: Driver (autodetected): hxetex.

("C:\Users\Lab905\AppData\Local\Programs\MiKTeX 2.9\tex/latex/hyperref\hxetex.d
ef"
File: hxetex.def 2018/11/30 v6.88e Hyperref driver for XeTeX

("C:\Users\Lab905\AppData\Local\Programs\MiKTeX 2.9\tex/generic/oberdiek\string
enc.sty"
Package: stringenc 2016/05/16 v1.11 Convert strings between diff. encodings (HO
)
)
\pdfm@box=\box50
\c@Hy@AnnotLevel=\count283
\HyField@AnnotCount=\count284
\Fld@listcount=\count285
\c@bookmark@seq@number=\count286

("C:\Users\Lab905\AppData\Local\Programs\MiKTeX 2.9\tex/latex/oberdiek\rerunfil
echeck.sty"
Package: rerunfilecheck 2016/05/16 v1.8 Rerun checks for auxiliary files (HO)
Package uniquecounter Info: New unique counter `rerunfilecheck' on input line 2
82.
)
\Hy@SectionHShift=\skip65
)
Package hyperref Info: Option `colorlinks' set `true' on input line 25.

("C:\Users\Lab905\AppData\Local\Programs\MiKTeX 2.9\tex/latex/tools\indentfirst
.sty"
Package: indentfirst 1995/11/23 v1.03 Indent first paragraph (DPC)
)
("C:\Users\Lab905\AppData\Local\Programs\MiKTeX 2.9\tex/latex/cite\cite.sty"
LaTeX Info: Redefining \cite on input line 302.
LaTeX Info: Redefining \nocite on input line 332.
Package: cite 2015/02/27  v 5.5
)
("C:\Users\Lab905\AppData\Local\Programs\MiKTeX 2.9\tex/latex/tools\enumerate.s
ty"
Package: enumerate 2015/07/23 v3.00 enumerate extensions (DPC)
\@enLab=\toks25
)
("C:\Users\Lab905\AppData\Local\Programs\MiKTeX 2.9\tex/latex/float\float.sty"
Package: float 2001/11/08 v1.3d Float enhancements (AL)
\c@float@type=\count287
\float@exts=\toks26
\float@box=\box51
\@float@everytoks=\toks27
\@floatcapt=\box52
)
("C:\Users\Lab905\AppData\Local\Programs\MiKTeX 2.9\tex/latex/amsmath\amsmath.s
ty"
Package: amsmath 2018/12/01 v2.17b AMS math features
\@mathmargin=\skip66

For additional information on amsmath, use the `?' option.

("C:\Users\Lab905\AppData\Local\Programs\MiKTeX 2.9\tex/latex/amsmath\amstext.s
ty"
Package: amstext 2000/06/29 v2.01 AMS text

("C:\Users\Lab905\AppData\Local\Programs\MiKTeX 2.9\tex/latex/amsmath\amsgen.st
y"
File: amsgen.sty 1999/11/30 v2.0 generic functions
\@emptytoks=\toks28
\ex@=\dimen158
))
("C:\Users\Lab905\AppData\Local\Programs\MiKTeX 2.9\tex/latex/amsmath\amsbsy.st
y"
Package: amsbsy 1999/11/29 v1.2d Bold Symbols
\pmbraise@=\dimen159
)
("C:\Users\Lab905\AppData\Local\Programs\MiKTeX 2.9\tex/latex/amsmath\amsopn.st
y"
Package: amsopn 2016/03/08 v2.02 operator names
)
\inf@bad=\count288
LaTeX Info: Redefining \frac on input line 223.
\uproot@=\count289
\leftroot@=\count290
LaTeX Info: Redefining \overline on input line 385.
\classnum@=\count291
\DOTSCASE@=\count292
LaTeX Info: Redefining \ldots on input line 482.
LaTeX Info: Redefining \dots on input line 485.
LaTeX Info: Redefining \cdots on input line 606.
\Mathstrutbox@=\box53
\strutbox@=\box54
\big@size=\dimen160
LaTeX Font Info:    Redeclaring font encoding OML on input line 729.
LaTeX Font Info:    Redeclaring font encoding OMS on input line 730.
\macc@depth=\count293
\c@MaxMatrixCols=\count294
\dotsspace@=\muskip17
\c@parentequation=\count295
\dspbrk@lvl=\count296
\tag@help=\toks29
\row@=\count297
\column@=\count298
\maxfields@=\count299
\andhelp@=\toks30
\eqnshift@=\dimen161
\alignsep@=\dimen162
\tagshift@=\dimen163
\tagwidth@=\dimen164
\totwidth@=\dimen165
\lineht@=\dimen166
\@envbody=\toks31
\multlinegap=\skip67
\multlinetaggap=\skip68
\mathdisplay@stack=\toks32
LaTeX Info: Redefining \[ on input line 2844.
LaTeX Info: Redefining \] on input line 2845.
)
("C:\Users\Lab905\AppData\Local\Programs\MiKTeX 2.9\tex/latex/amsfonts\amssymb.
sty"
Package: amssymb 2013/01/14 v3.01 AMS font symbols

("C:\Users\Lab905\AppData\Local\Programs\MiKTeX 2.9\tex/latex/amsfonts\amsfonts
.sty"
Package: amsfonts 2013/01/14 v3.01 Basic AMSFonts support
\symAMSa=\mathgroup4
\symAMSb=\mathgroup5
LaTeX Font Info:    Overwriting math alphabet `\mathfrak' in version `bold'
(Font)                  U/euf/m/n --> U/euf/b/n on input line 106.
))
("C:\Users\Lab905\AppData\Local\Programs\MiKTeX 2.9\tex/latex/amscls\amsthm.sty
"
Package: amsthm 2017/10/31 v2.20.4
\thm@style=\toks33
\thm@bodyfont=\toks34
\thm@headfont=\toks35
\thm@notefont=\toks36
\thm@headpunct=\toks37
\thm@preskip=\skip69
\thm@postskip=\skip70
\thm@headsep=\skip71
\dth@everypar=\toks38
)
("C:\Users\Lab905\AppData\Local\Programs\MiKTeX 2.9\tex/latex/subfigure\subfigu
re.sty"
Package: subfigure 2002/07/30 v2.1.4 subfigure package
\subfigtopskip=\skip72
\subfigcapskip=\skip73
\subfigcaptopadj=\dimen167
\subfigbottomskip=\skip74
\subfigcapmargin=\dimen168
\subfiglabelskip=\skip75
\c@subfigure=\count300
\c@lofdepth=\count301
\c@subtable=\count302
\c@lotdepth=\count303

****************************************
* Local config file subfigure.cfg used *
****************************************

("C:\Users\Lab905\AppData\Local\Programs\MiKTeX 2.9\tex/latex/subfigure\subfigu
re.cfg")
\subfig@top=\skip76
\subfig@bottom=\skip77
)
("C:\Users\Lab905\AppData\Local\Programs\MiKTeX 2.9\tex/latex/tools\bm.sty"
Package: bm 2017/01/16 v1.2c Bold Symbol Support (DPC/FMi)
\symboldoperators=\mathgroup6
\symboldletters=\mathgroup7
\symboldsymbols=\mathgroup8
LaTeX Font Info:    Redeclaring math alphabet \mathbf on input line 141.
LaTeX Info: Redefining \bm on input line 207.
)
\c@contnumeq=\count304
\c@contnumfig=\count305
\c@contnumtab=\count306


LaTeX Warning: Unused global option(s):
    [16pt].

(All.aux)
\openout1 = `All.aux'.

LaTeX Font Info:    Checking defaults for OML/cmm/m/it on input line 71.
LaTeX Font Info:    ... okay on input line 71.
LaTeX Font Info:    Checking defaults for T1/cmr/m/n on input line 71.
LaTeX Font Info:    ... okay on input line 71.
LaTeX Font Info:    Checking defaults for OT1/cmr/m/n on input line 71.
LaTeX Font Info:    ... okay on input line 71.
LaTeX Font Info:    Checking defaults for OMS/cmsy/m/n on input line 71.
LaTeX Font Info:    ... okay on input line 71.
LaTeX Font Info:    Checking defaults for TU/lmr/m/n on input line 71.
LaTeX Font Info:    ... okay on input line 71.
LaTeX Font Info:    Checking defaults for OMX/cmex/m/n on input line 71.
LaTeX Font Info:    ... okay on input line 71.
LaTeX Font Info:    Checking defaults for U/cmr/m/n on input line 71.
LaTeX Font Info:    ... okay on input line 71.
LaTeX Font Info:    Checking defaults for T3/cmr/m/n on input line 71.
LaTeX Font Info:    Try loading font information for T3+cmr on input line 71.

("C:\Users\Lab905\AppData\Local\Programs\MiKTeX 2.9\tex/latex/tipa\t3cmr.fd"
File: t3cmr.fd 2001/12/31 TIPA font definitions
)
LaTeX Font Info:    ... okay on input line 71.
LaTeX Font Info:    Checking defaults for PD1/pdf/m/n on input line 71.
LaTeX Font Info:    ... okay on input line 71.
LaTeX Font Info:    Checking defaults for PU/pdf/m/n on input line 71.
LaTeX Font Info:    ... okay on input line 71.

Package fontspec Info: Adjusting the maths setup (use [no-math] to avoid
(fontspec)             this).

\symlegacymaths=\mathgroup9
LaTeX Font Info:    Overwriting symbol font `legacymaths' in version `bold'
(Font)                  OT1/cmr/m/n --> OT1/cmr/bx/n on input line 71.
LaTeX Font Info:    Redeclaring math accent \acute on input line 71.
LaTeX Font Info:    Redeclaring math accent \grave on input line 71.
LaTeX Font Info:    Redeclaring math accent \ddot on input line 71.
LaTeX Font Info:    Redeclaring math accent \tilde on input line 71.
LaTeX Font Info:    Redeclaring math accent \bar on input line 71.
LaTeX Font Info:    Redeclaring math accent \breve on input line 71.
LaTeX Font Info:    Redeclaring math accent \check on input line 71.
LaTeX Font Info:    Redeclaring math accent \hat on input line 71.
LaTeX Font Info:    Redeclaring math accent \dot on input line 71.
LaTeX Font Info:    Redeclaring math accent \mathring on input line 71.
LaTeX Font Info:    Redeclaring math symbol \Gamma on input line 71.
LaTeX Font Info:    Redeclaring math symbol \Delta on input line 71.
LaTeX Font Info:    Redeclaring math symbol \Theta on input line 71.
LaTeX Font Info:    Redeclaring math symbol \Lambda on input line 71.
LaTeX Font Info:    Redeclaring math symbol \Xi on input line 71.
LaTeX Font Info:    Redeclaring math symbol \Pi on input line 71.
LaTeX Font Info:    Redeclaring math symbol \Sigma on input line 71.
LaTeX Font Info:    Redeclaring math symbol \Upsilon on input line 71.
LaTeX Font Info:    Redeclaring math symbol \Phi on input line 71.
LaTeX Font Info:    Redeclaring math symbol \Psi on input line 71.
LaTeX Font Info:    Redeclaring math symbol \Omega on input line 71.
LaTeX Font Info:    Redeclaring math symbol \mathdollar on input line 71.
LaTeX Font Info:    Redeclaring symbol font `operators' on input line 71.
LaTeX Font Info:    Encoding `OT1' has changed to `TU' for symbol font
(Font)              `operators' in the math version `normal' on input line 71.
LaTeX Font Info:    Overwriting symbol font `operators' in version `normal'
(Font)                  OT1/cmr/m/n --> TU/lmr/m/n on input line 71.
LaTeX Font Info:    Encoding `OT1' has changed to `TU' for symbol font
(Font)              `operators' in the math version `bold' on input line 71.
LaTeX Font Info:    Overwriting symbol font `operators' in version `bold'
(Font)                  OT1/cmr/bx/n --> TU/lmr/m/n on input line 71.
LaTeX Font Info:    Overwriting symbol font `operators' in version `normal'
(Font)                  TU/lmr/m/n --> TU/lmr/m/n on input line 71.
LaTeX Font Info:    Overwriting math alphabet `\mathit' in version `normal'
(Font)                  OT1/cmr/m/it --> TU/lmr/m/it on input line 71.
LaTeX Font Info:    Overwriting math alphabet `\mathbf' in version `normal'
(Font)                  OT1/cmr/bx/n --> TU/lmr/bx/n on input line 71.
LaTeX Font Info:    Overwriting math alphabet `\mathsf' in version `normal'
(Font)                  OT1/cmss/m/n --> TU/lmss/m/n on input line 71.
LaTeX Font Info:    Overwriting math alphabet `\mathtt' in version `normal'
(Font)                  OT1/cmtt/m/n --> TU/lmtt/m/n on input line 71.
LaTeX Font Info:    Overwriting symbol font `operators' in version `bold'
(Font)                  TU/lmr/m/n --> TU/lmr/bx/n on input line 71.
LaTeX Font Info:    Overwriting math alphabet `\mathit' in version `bold'
(Font)                  OT1/cmr/bx/it --> TU/lmr/bx/it on input line 71.
LaTeX Font Info:    Overwriting math alphabet `\mathsf' in version `bold'
(Font)                  OT1/cmss/bx/n --> TU/lmss/bx/n on input line 71.
LaTeX Font Info:    Overwriting math alphabet `\mathtt' in version `bold'
(Font)                  OT1/cmtt/m/n --> TU/lmtt/bx/n on input line 71.

*geometry* detected driver: pdftex
*geometry* verbose mode - [ preamble ] result:
* driver: pdftex
* paper: a4paper
* layout: <same size as paper>
* layoutoffset:(h,v)=(0.0pt,0.0pt)
* modes: twoside 
* h-part:(L,W,R)=(56.9055pt, 483.69687pt, 56.9055pt)
* v-part:(T,H,B)=(56.9055pt, 731.23584pt, 56.9055pt)
* \paperwidth=597.50787pt
* \paperheight=845.04684pt
* \textwidth=483.69687pt
* \textheight=731.23584pt
* \oddsidemargin=-15.36449pt
* \evensidemargin=-15.36449pt
* \topmargin=-52.36449pt
* \headheight=12.0pt
* \headsep=25.0pt
* \topskip=10.0pt
* \footskip=30.0pt
* \marginparwidth=111.0pt
* \marginparsep=11.0pt
* \columnsep=10.0pt
* \skip\footins=9.0pt plus 4.0pt minus 2.0pt
* \hoffset=0.0pt
* \voffset=0.0pt
* \mag=1000
* \@twocolumnfalse
* \@twosidetrue
* \@mparswitchtrue
* \@reversemarginfalse
* (1in=72.27pt=25.4mm, 1cm=28.453pt)

ABD: EverySelectfont initializing macros
LaTeX Info: Redefining \selectfont on input line 71.
\AtBeginShipoutBox=\box55
Package hyperref Info: Link coloring ON on input line 71.

("C:\Users\Lab905\AppData\Local\Programs\MiKTeX 2.9\tex/latex/hyperref\nameref.
sty"
Package: nameref 2016/05/21 v2.44 Cross-referencing by name of section

("C:\Users\Lab905\AppData\Local\Programs\MiKTeX 2.9\tex/generic/oberdiek\gettit
lestring.sty"
Package: gettitlestring 2016/05/16 v1.5 Cleanup title references (HO)
)
\c@section@level=\count307
)
LaTeX Info: Redefining \ref on input line 71.
LaTeX Info: Redefining \pageref on input line 71.
LaTeX Info: Redefining \nameref on input line 71.
 (All.out) (All.out)
\@outlinefile=\write3
\openout3 = `All.out'.

 (All.toc
LaTeX Font Info:    Try loading font information for U+msa on input line 3.

("C:\Users\Lab905\AppData\Local\Programs\MiKTeX 2.9\tex/latex/amsfonts\umsa.fd"
File: umsa.fd 2013/01/14 v3.01 AMS symbols A
)
LaTeX Font Info:    Try loading font information for U+msb on input line 3.
 ("C:\Users\Lab905\AppData\Local\Programs\MiKTeX 2.9\tex/latex/amsfonts\umsb.fd
"
File: umsb.fd 2013/01/14 v3.01 AMS symbols B
))
\tf@toc=\write4
\openout4 = `All.toc'.

 [1


]
File: tit1.png Graphic file (type bmp)
<tit1.png>


LaTeX Warning: Float too large for page by 12.54657pt on input line 86.

(Chapter-1/Addition_of_angular_velocity/Addition_of_angular_velocity.tex
[2]
Глава 1.

Overfull \hbox (44.81621pt too wide) in paragraph at lines 59--59
|[][]\TU/LiberationSans(0)/bx/n/24.88 Поступательное и вращательное дви-
 []

File: Chapter-1/Addition_of_angular_velocity/angular-1.png Graphic file (type b
mp)
<Chapter-1/Addition_of_angular_velocity/angular-1.png>
[3

]
File: Chapter-1/Addition_of_angular_velocity/angular-2.png Graphic file (type b
mp)
<Chapter-1/Addition_of_angular_velocity/angular-2.png>
File: Chapter-1/Addition_of_angular_velocity/angular-3.png Graphic file (type b
mp)
<Chapter-1/Addition_of_angular_velocity/angular-3.png>
 [4]) [5] (Chapter-1/Addition_of_motion/demo-1/Addition_speeds.tex
File: Chapter-1/Addition_of_motion/demo-1/aom-1.png Graphic file (type bmp)
<Chapter-1/Addition_of_motion/demo-1/aom-1.png>
File: Chapter-1/Addition_of_motion/demo-1/aom-2.png Graphic file (type bmp)
<Chapter-1/Addition_of_motion/demo-1/aom-2.png>
 [6]
File: Chapter-1/Addition_of_motion/demo-1/aom-3.png Graphic file (type bmp)
<Chapter-1/Addition_of_motion/demo-1/aom-3.png>
File: Chapter-1/Addition_of_motion/demo-1/aom-4.png Graphic file (type bmp)
<Chapter-1/Addition_of_motion/demo-1/aom-4.png>

Underfull \vbox (badness 10000) has occurred while \output is active []

 [7]
File: Chapter-1/Addition_of_motion/demo-1/aom-5.png Graphic file (type bmp)
<Chapter-1/Addition_of_motion/demo-1/aom-5.png>
File: Chapter-1/Addition_of_motion/demo-1/aom-6.png Graphic file (type bmp)
<Chapter-1/Addition_of_motion/demo-1/aom-6.png>
)
[8] (Chapter-1/Inertia/demo-1/Pull_out_a_sheet.tex
File: Chapter-1/Inertia/demo-1/inertia-1.png Graphic file (type bmp)
<Chapter-1/Inertia/demo-1/inertia-1.png>
 [9]) [10]
(Chapter-1/Inertia/demo-2/Impulse_and_two_threads.tex
File: Chapter-1/Inertia/demo-2/inertia-2.png Graphic file (type bmp)
<Chapter-1/Inertia/demo-2/inertia-2.png>
Missing character: There is no М in font cmmi10!
 [11]
File: Chapter-1/Inertia/demo-2/inertia-3.png Graphic file (type bmp)
<Chapter-1/Inertia/demo-2/inertia-3.png>
 [12]) [13]
(Chapter-1/Movement_along_the_loop/Loop.tex
File: Chapter-1/Movement_along_the_loop/loop-1.png Graphic file (type bmp)
<Chapter-1/Movement_along_the_loop/loop-1.png>
 [14]
File: Chapter-1/Movement_along_the_loop/loop-2.png Graphic file (type bmp)
<Chapter-1/Movement_along_the_loop/loop-2.png>
 [15]) [16]
(Chapter-1/Newton_laws_of_mechanics/demo-1/Second_Law_two_carts.tex
File: Chapter-1/Newton_laws_of_mechanics/demo-1/newton-1.png Graphic file (type
 bmp)
<Chapter-1/Newton_laws_of_mechanics/demo-1/newton-1.png>
 [17]
File: Chapter-1/Newton_laws_of_mechanics/demo-1/newton-2.png Graphic file (type
 bmp)
<Chapter-1/Newton_laws_of_mechanics/demo-1/newton-2.png>

[18]) [19] (Chapter-1/Newton_laws_of_mechanics/demo-2/Third_Law_Archimedes.tex
File: Chapter-1/Newton_laws_of_mechanics/demo-2/newton-3.png Graphic file (type
 bmp)
<Chapter-1/Newton_laws_of_mechanics/demo-2/newton-3.png>

[20]
File: Chapter-1/Newton_laws_of_mechanics/demo-2/newton-4.png Graphic file (type
 bmp)
<Chapter-1/Newton_laws_of_mechanics/demo-2/newton-4.png>
 [21]) [22] (Chapter-2/Center_of_mass/demo-1/Center_of_mass.tex
Глава 2.
File: Chapter-2/Center_of_mass/demo-1/center-1.png Graphic file (type bmp)
<Chapter-2/Center_of_mass/demo-1/center-1.png>
[23

]
File: Chapter-2/Center_of_mass/demo-1/center-2.png Graphic file (type bmp)
<Chapter-2/Center_of_mass/demo-1/center-2.png>
) [24] (Chapter-2/Center_of_mass/demo-2/Сone.tex
File: Chapter-2/Center_of_mass/demo-2/center-3.png Graphic file (type bmp)
<Chapter-2/Center_of_mass/demo-2/center-3.png>
 [25]
File: Chapter-2/Center_of_mass/demo-2/center-4.png Graphic file (type bmp)
<Chapter-2/Center_of_mass/demo-2/center-4.png>
) [26]
(Chapter-2/Gyroscopic_effect/demo-1/Gyroscope_on_a_rotating_platform.tex
File: Chapter-2/Gyroscopic_effect/demo-1/gyro-1.png Graphic file (type bmp)
<Chapter-2/Gyroscopic_effect/demo-1/gyro-1.png>

[27]
File: Chapter-2/Gyroscopic_effect/demo-1/gyro-2.png Graphic file (type bmp)
<Chapter-2/Gyroscopic_effect/demo-1/gyro-2.png>
File: Chapter-2/Gyroscopic_effect/demo-1/gyro-3.png Graphic file (type bmp)
<Chapter-2/Gyroscopic_effect/demo-1/gyro-3.png>
 [28]) [29] (Chapter-2/Gyroscopic_effect/demo-2/Top.tex
File: Chapter-2/Gyroscopic_effect/demo-2/gyro-4.png Graphic file (type bmp)
<Chapter-2/Gyroscopic_effect/demo-2/gyro-4.png>
File: Chapter-2/Gyroscopic_effect/demo-2/gyro-5.png Graphic file (type bmp)
<Chapter-2/Gyroscopic_effect/demo-2/gyro-5.png>
 [30]
File: Chapter-2/Gyroscopic_effect/demo-2/gyro-6.png Graphic file (type bmp)
<Chapter-2/Gyroscopic_effect/demo-2/gyro-6.png>
 [31]
File: Chapter-2/Gyroscopic_effect/demo-2/gyro-7.png Graphic file (type bmp)
<Chapter-2/Gyroscopic_effect/demo-2/gyro-7.png>
) [32]
(Chapter-2/Moment_of_inertia/demo-1/Cross_Oberbeck_Pendulum.tex
File: Chapter-2/Moment_of_inertia/demo-1/oberbeck-1.png Graphic file (type bmp)

<Chapter-2/Moment_of_inertia/demo-1/oberbeck-1.png>
 [33]
File: Chapter-2/Moment_of_inertia/demo-1/oberbeck-2.png Graphic file (type bmp)

<Chapter-2/Moment_of_inertia/demo-1/oberbeck-2.png>
File: Chapter-2/Moment_of_inertia/demo-1/oberbeck-3.png Graphic file (type bmp)

<Chapter-2/Moment_of_inertia/demo-1/oberbeck-3.png>

Underfull \vbox (badness 10000) has occurred while \output is active []

 [34]

LaTeX Warning: Reference `3' on page 35 undefined on input line 165.

File: Chapter-2/Moment_of_inertia/demo-1/oberbeck-4.png Graphic file (type bmp)

<Chapter-2/Moment_of_inertia/demo-1/oberbeck-4.png>

Underfull \vbox (badness 3713) has occurred while \output is active []

 [35])
[36] (Chapter-2/Moment_of_inertia/demo-2/Rotation_axis.tex
File: Chapter-2/Moment_of_inertia/demo-2/freeaxis-1.png Graphic file (type bmp)

<Chapter-2/Moment_of_inertia/demo-2/freeaxis-1.png>
File: Chapter-2/Moment_of_inertia/demo-2/freeaxis-2.png Graphic file (type bmp)

<Chapter-2/Moment_of_inertia/demo-2/freeaxis-2.png>
 [37]
File: Chapter-2/Moment_of_inertia/demo-2/freeaxis-3.png Graphic file (type bmp)

<Chapter-2/Moment_of_inertia/demo-2/freeaxis-3.png>
File: Chapter-2/Moment_of_inertia/demo-2/freeaxis-4.png Graphic file (type bmp)

<Chapter-2/Moment_of_inertia/demo-2/freeaxis-4.png>

Underfull \vbox (badness 10000) has occurred while \output is active []

 [38]
File: Chapter-2/Moment_of_inertia/demo-2/freeaxis-5.png Graphic file (type bmp)

<Chapter-2/Moment_of_inertia/demo-2/freeaxis-5.png>

[39]) [40] (Chapter-2/Strange_roll/Strange_roll.tex
File: Chapter-2/Strange_roll/roll-1.png Graphic file (type bmp)
<Chapter-2/Strange_roll/roll-1.png>
 [41]
File: Chapter-2/Strange_roll/roll-2.png Graphic file (type bmp)
<Chapter-2/Strange_roll/roll-2.png>
File: Chapter-2/Strange_roll/roll-3.png Graphic file (type bmp)
<Chapter-2/Strange_roll/roll-3.png>
 [42]) [43]
(Chapter-2/The_law_of_momentum_conservation/Zhukovsky_is_bench.tex
File: Chapter-2/The_law_of_momentum_conservation/chair-1.png Graphic file (type
 bmp)
<Chapter-2/The_law_of_momentum_conservation/chair-1.png>
 [44]
File: Chapter-2/The_law_of_momentum_conservation/chair-2.png Graphic file (type
 bmp)
<Chapter-2/The_law_of_momentum_conservation/chair-2.png>

Underfull \vbox (badness 1048) has occurred while \output is active []

 [45]
File: Chapter-2/The_law_of_momentum_conservation/chair-3.png Graphic file (type
 bmp)
<Chapter-2/The_law_of_momentum_conservation/chair-3.png>

[46]) [47] (Chapter-3/Ball_collision/Elastic_and_non-elastic_shock.tex
Глава 3.
File: Chapter-3/Ball_collision/hit-1.png Graphic file (type bmp)
<Chapter-3/Ball_collision/hit-1.png>
[48

]
File: Chapter-3/Ball_collision/hit-2.png Graphic file (type bmp)
<Chapter-3/Ball_collision/hit-2.png>
File: Chapter-3/Ball_collision/hit-3.png Graphic file (type bmp)
<Chapter-3/Ball_collision/hit-3.png>

Underfull \vbox (badness 3158) has occurred while \output is active []

 [49]
File: Chapter-3/Ball_collision/hit-4.png Graphic file (type bmp)
<Chapter-3/Ball_collision/hit-4.png>

[50]
File: Chapter-3/Ball_collision/hit-5.png Graphic file (type bmp)
<Chapter-3/Ball_collision/hit-5.png>

Underfull \vbox (badness 10000) has occurred while \output is active []

 [51])
[52] (Chapter-3/Maxwell_pendulum/Maxwell_pendulum.tex
File: Chapter-3/Maxwell_pendulum/Maxwell-1.png Graphic file (type bmp)
<Chapter-3/Maxwell_pendulum/Maxwell-1.png>
 [53]
File: Chapter-3/Maxwell_pendulum/Maxwell-2.png Graphic file (type bmp)
<Chapter-3/Maxwell_pendulum/Maxwell-2.png>
File: Chapter-3/Maxwell_pendulum/Maxwell-3.png Graphic file (type bmp)
<Chapter-3/Maxwell_pendulum/Maxwell-3.png>
 [54] [55]) [56]
(Chapter-3/Potential_barrier/Potential_barrier.tex
File: Chapter-3/Potential_barrier/barrier-1.png Graphic file (type bmp)
<Chapter-3/Potential_barrier/barrier-1.png>
 [57]
File: Chapter-3/Potential_barrier/barrier-2.png Graphic file (type bmp)
<Chapter-3/Potential_barrier/barrier-2.png>
 [58]) [59]
(Chapter-3/Rolling_cylinder/Rolling_cylinder.tex
File: Chapter-3/Rolling_cylinder/inclinedplane-1.png Graphic file (type bmp)
<Chapter-3/Rolling_cylinder/inclinedplane-1.png>
File: Chapter-3/Rolling_cylinder/inclinedplane-2.png Graphic file (type bmp)
<Chapter-3/Rolling_cylinder/inclinedplane-2.png>

Underfull \vbox (badness 10000) has occurred while \output is active []

 [60]
File: Chapter-3/Rolling_cylinder/inclinedplane-3.png Graphic file (type bmp)
<Chapter-3/Rolling_cylinder/inclinedplane-3.png>

[61]
Underfull \hbox (badness 10000) in paragraph at lines 128--130
\TU/LiberationSans(0)/m/n/10 где \TU/LiberationSans(0)/m/it/10 I \TU/Liberation
Sans(0)/m/n/10 — момент инерции цилиндра относительно оси вращения,
 []

) [62] (Chapter-3/Transition_of_energy/Transition_of_energy.tex
File: Chapter-3/Transition_of_energy/transform-1.png Graphic file (type bmp)
<Chapter-3/Transition_of_energy/transform-1.png>
File: Chapter-3/Transition_of_energy/transform-2.png Graphic file (type bmp)
<Chapter-3/Transition_of_energy/transform-2.png>
 [63]
File: Chapter-3/Transition_of_energy/transform-3.png Graphic file (type bmp)
<Chapter-3/Transition_of_energy/transform-3.png>
 [64])
[65] (Chapter-4/Coriolis_force/Coriolis_force.tex
Глава 4.
File: Chapter-4/Coriolis_force/Coriolis-1.png Graphic file (type bmp)
<Chapter-4/Coriolis_force/Coriolis-1.png>
[66

]
File: Chapter-4/Coriolis_force/Coriolis-2.png Graphic file (type bmp)
<Chapter-4/Coriolis_force/Coriolis-2.png>
File: Chapter-4/Coriolis_force/Coriolis-3.png Graphic file (type bmp)
<Chapter-4/Coriolis_force/Coriolis-3.png>

Underfull \vbox (badness 10000) has occurred while \output is active []

 [67])
[68] (Chapter-4/Foucault_pendulum/Foucault_pendulum.tex
File: Chapter-4/Foucault_pendulum/fuko-1.png Graphic file (type bmp)
<Chapter-4/Foucault_pendulum/fuko-1.png>
 [69]
File: Chapter-4/Foucault_pendulum/fuko-2.png Graphic file (type bmp)
<Chapter-4/Foucault_pendulum/fuko-2.png>
File: Chapter-4/Foucault_pendulum/fuko-3.png Graphic file (type bmp)
<Chapter-4/Foucault_pendulum/fuko-3.png>

Underfull \vbox (badness 10000) has occurred while \output is active []

 [70]
File: Chapter-4/Foucault_pendulum/fuko-4.png Graphic file (type bmp)
<Chapter-4/Foucault_pendulum/fuko-4.png>
File: Chapter-4/Foucault_pendulum/fuko-5.png Graphic file (type bmp)
<Chapter-4/Foucault_pendulum/fuko-5.png>

[71]) [72] (Chapter-4/Frictial_forces/demo-1/Dry_and_fluid_friction.tex
File: Chapter-4/Frictial_forces/demo-1/friction-1.png Graphic file (type bmp)
<Chapter-4/Frictial_forces/demo-1/friction-1.png>
File: Chapter-4/Frictial_forces/demo-1/friction-2.png Graphic file (type bmp)
<Chapter-4/Frictial_forces/demo-1/friction-2.png>

[73]
File: Chapter-4/Frictial_forces/demo-1/friction-3.png Graphic file (type bmp)
<Chapter-4/Frictial_forces/demo-1/friction-3.png>
) [74] (Chapter-4/Frictial_forces/demo-2/Dry_friction_force.tex
File: Chapter-4/Frictial_forces/demo-2/friction-4.png Graphic file (type bmp)
<Chapter-4/Frictial_forces/demo-2/friction-4.png>
 [75]
File: Chapter-4/Frictial_forces/demo-2/friction-5.png Graphic file (type bmp)
<Chapter-4/Frictial_forces/demo-2/friction-5.png>

[76]) [77] (Chapter-4/Hooke_law/Hooke_is_law.tex
File: Chapter-4/Hooke_law/Hooke-1.png Graphic file (type bmp)
<Chapter-4/Hooke_law/Hooke-1.png>
 [78]
File: Chapter-4/Hooke_law/Hooke-2.png Graphic file (type bmp)
<Chapter-4/Hooke_law/Hooke-2.png>
 [79]
File: Chapter-4/Hooke_law/Hooke-3.png Graphic file (type bmp)
<Chapter-4/Hooke_law/Hooke-3.png>
) [80]
(Chapter-4/Inertial_forces/demo-1/Plumbs_on_a_rotating_platform.tex
File: Chapter-4/Inertial_forces/demo-1/platform-1.png Graphic file (type bmp)
<Chapter-4/Inertial_forces/demo-1/platform-1.png>
File: Chapter-4/Inertial_forces/demo-1/platform-2.png Graphic file (type bmp)
<Chapter-4/Inertial_forces/demo-1/platform-2.png>
 [81]
File: Chapter-4/Inertial_forces/demo-1/regulator-1.png Graphic file (type bmp)
<Chapter-4/Inertial_forces/demo-1/regulator-1.png>

Underfull \vbox (badness 10000) has occurred while \output is active []

 [82]
File: Chapter-4/Inertial_forces/demo-1/platform-3.png Graphic file (type bmp)
<Chapter-4/Inertial_forces/demo-1/platform-3.png>

[83]) [84]
(Chapter-4/Inertial_forces/demo-2/Parabolic_surface_of_a_rotating_fluid.tex
File: Chapter-4/Inertial_forces/demo-2/paraboloid-1.png Graphic file (type bmp)

<Chapter-4/Inertial_forces/demo-2/paraboloid-1.png>

[85]
File: Chapter-4/Inertial_forces/demo-2/paraboloid-2.png Graphic file (type bmp)

<Chapter-4/Inertial_forces/demo-2/paraboloid-2.png>
File: Chapter-4/Inertial_forces/demo-2/paraboloid-3.png Graphic file (type bmp)

<Chapter-4/Inertial_forces/demo-2/paraboloid-3.png>

Underfull \vbox (badness 1275) has occurred while \output is active []

 [86]
File: Chapter-4/Inertial_forces/demo-2/paraboloid-4.png Graphic file (type bmp)

<Chapter-4/Inertial_forces/demo-2/paraboloid-4.png>

[87]) [88]
Package atveryend Info: Empty hook `BeforeClearDocument' on input line 124.
Package atveryend Info: Empty hook `AfterLastShipout' on input line 124.
 (All.aux)
Package atveryend Info: Empty hook `AtVeryEndDocument' on input line 124.
Package atveryend Info: Executing hook `AtEndAfterFileList' on input line 124.
Package rerunfilecheck Info: File `All.out' has not changed.
(rerunfilecheck)             Checksum: 3E59A1155C4DD876973C8D820AE698E2.


LaTeX Warning: There were undefined references.

 ) 
Here is how much of TeX's memory you used:
 27762 strings out of 427748
 530918 string characters out of 3146824
 614524 words of memory out of 3000000
 30596 multiletter control sequences out of 15000+200000
 537394 words of font info for 72 fonts, out of 3000000 for 9000
 1328 hyphenation exceptions out of 8191
 46i,11n,67p,839b,478s stack positions out of 5000i,500n,10000p,200000b,50000s

Output written on All.pdf (88 pages).
