\BOOKMARK [0][-]{chapter.1}{\376\377\004\037\004\076\004\101\004\102\004\103\004\077\004\060\004\102\004\065\004\073\004\114\004\075\004\076\004\065\000\040\004\070\000\040\004\062\004\100\004\060\004\111\004\060\004\102\004\065\004\073\004\114\004\075\004\076\004\065\000\040\004\064\004\062\004\070\004\066\004\065\004\075\004\070\004\065}{}% 1
\BOOKMARK [1][-]{section.1.1}{\376\377\004\041\004\073\004\076\004\066\004\065\004\075\004\070\004\065\000\040\004\103\004\063\004\073\004\076\004\062\004\113\004\105\000\040\004\101\004\072\004\076\004\100\004\076\004\101\004\102\004\065\004\071}{chapter.1}% 2
\BOOKMARK [1][-]{section.1.2}{\376\377\004\041\004\073\004\076\004\066\004\065\004\075\004\070\004\065\000\040\004\064\004\062\004\070\004\066\004\065\004\075\004\070\004\071}{chapter.1}% 3
\BOOKMARK [1][-]{section.1.3}{\376\377\004\022\004\113\004\064\004\121\004\100\004\063\004\070\004\062\004\060\004\075\004\070\004\065\000\040\004\073\004\070\004\101\004\102\004\060\000\040\004\061\004\103\004\074\004\060\004\063\004\070\000\040\004\070\004\067\000-\004\077\004\076\004\064\000\040\004\101\004\102\004\060\004\072\004\060\004\075\004\060}{chapter.1}% 4
\BOOKMARK [1][-]{section.1.4}{\376\377\004\030\004\074\004\077\004\103\004\073\004\114\004\101\000\040\004\101\004\070\004\073\004\113\000.\000\040\004\023\004\070\004\100\004\117\000\040\004\070\000\040\004\064\004\062\004\065\000\040\004\075\004\070\004\102\004\070}{chapter.1}% 5
\BOOKMARK [1][-]{section.1.5}{\376\377\004\024\004\062\004\070\004\066\004\065\004\075\004\070\004\065\000\040\004\102\004\065\004\073\004\060\000\040\004\077\004\076\000\040\000\253\004\074\004\121\004\100\004\102\004\062\004\076\004\071\000\040\004\077\004\065\004\102\004\073\004\065\000\273}{chapter.1}% 6
\BOOKMARK [1][-]{section.1.6}{\376\377\004\022\004\102\004\076\004\100\004\076\004\071\000\040\004\067\004\060\004\072\004\076\004\075\000\040\004\035\004\114\004\116\004\102\004\076\004\075\004\060\000.\000\040\004\024\004\062\004\065\000\040\004\102\004\065\004\073\004\065\004\066\004\072\004\070}{chapter.1}% 7
\BOOKMARK [1][-]{section.1.7}{\376\377\004\042\004\100\004\065\004\102\004\070\004\071\000\040\004\067\004\060\004\072\004\076\004\075\000\040\004\035\004\114\004\116\004\102\004\076\004\075\004\060\000\040\004\075\004\060\000\040\004\077\004\100\004\070\004\074\004\065\004\100\004\065\000\040\004\101\004\070\004\073\004\113\000\040\004\020\004\100\004\105\004\070\004\074\004\065\004\064\004\060}{chapter.1}% 8
\BOOKMARK [0][-]{chapter.2}{\376\377\004\024\004\070\004\075\004\060\004\074\004\070\004\072\004\060\000\040\004\102\004\062\004\065\004\100\004\064\004\076\004\063\004\076\000\040\004\102\004\065\004\073\004\060}{}% 9
\BOOKMARK [1][-]{section.2.1}{\376\377\004\036\004\102\004\113\004\101\004\072\004\060\004\075\004\070\004\065\000\040\004\106\004\065\004\075\004\102\004\100\004\060\000\040\004\074\004\060\004\101\004\101}{chapter.2}% 10
\BOOKMARK [1][-]{section.2.2}{\376\377\004\024\004\062\004\076\004\071\004\075\004\076\004\071\000\040\004\072\004\076\004\075\004\103\004\101}{chapter.2}% 11
\BOOKMARK [1][-]{section.2.3}{\376\377\004\023\004\070\004\100\004\076\004\101\004\072\004\076\004\077\000\040\004\075\004\060\000\040\004\062\004\100\004\060\004\111\004\060\004\116\004\111\004\065\004\071\004\101\004\117\000\040\004\077\004\073\004\060\004\102\004\104\004\076\004\100\004\074\004\065}{chapter.2}% 12
\BOOKMARK [1][-]{section.2.4}{\376\377\004\037\004\100\004\065\004\106\004\065\004\101\004\101\004\070\004\117\000\040\004\063\004\070\004\100\004\076\004\101\004\072\004\076\004\077\004\060\000.\000\040\004\022\004\076\004\073\004\107\004\076\004\072}{chapter.2}% 13
\BOOKMARK [1][-]{section.2.5}{\376\377\004\032\004\100\004\065\004\101\004\102\004\076\004\076\004\061\004\100\004\060\004\067\004\075\004\113\004\071\000\040\004\074\004\060\004\117\004\102\004\075\004\070\004\072\000\040\004\036\004\061\004\065\004\100\004\061\004\065\004\072\004\060}{chapter.2}% 14
\BOOKMARK [1][-]{section.2.6}{\376\377\004\041\004\062\004\076\004\061\004\076\004\064\004\075\004\113\004\065\000\040\004\076\004\101\004\070\000\040\004\062\004\100\004\060\004\111\004\065\004\075\004\070\004\117}{chapter.2}% 15
\BOOKMARK [1][-]{section.2.7}{\376\377\000\253\004\037\004\076\004\101\004\073\004\103\004\110\004\075\004\060\004\117\000\273\000\040\004\070\000\040\000\253\004\075\004\065\004\077\004\076\004\101\004\073\004\103\004\110\004\075\004\060\004\117\000\273\000\040\004\072\004\060\004\102\004\103\004\110\004\072\004\060}{chapter.2}% 16
\BOOKMARK [1][-]{section.2.8}{\376\377\004\041\004\072\004\060\004\074\004\114\004\117\000\040\004\026\004\103\004\072\004\076\004\062\004\101\004\072\004\076\004\063\004\076}{chapter.2}% 17
\BOOKMARK [0][-]{chapter.3}{\376\377\004\027\004\060\004\072\004\076\004\075\000\040\004\101\004\076\004\105\004\100\004\060\004\075\004\065\004\075\004\070\004\117\000\040\004\070\000\040\004\077\004\100\004\065\004\062\004\100\004\060\004\111\004\065\004\075\004\070\004\117\000\040\004\115\004\075\004\065\004\100\004\063\004\070\004\070}{}% 18
\BOOKMARK [1][-]{section.3.1}{\376\377\004\043\004\077\004\100\004\103\004\063\004\070\004\071\000\040\004\070\000\040\004\075\004\065\004\103\004\077\004\100\004\103\004\063\004\070\004\071\000\040\004\103\004\064\004\060\004\100\004\113}{chapter.3}% 19
\BOOKMARK [1][-]{section.3.2}{\376\377\004\034\004\060\004\117\004\102\004\075\004\070\004\072\000\040\004\034\004\060\004\072\004\101\004\062\004\065\004\073\004\073\004\060}{chapter.3}% 20
\BOOKMARK [1][-]{section.3.3}{\376\377\004\037\004\076\004\102\004\065\004\075\004\106\004\070\004\060\004\073\004\114\004\075\004\113\004\071\000\040\004\061\004\060\004\100\004\114\004\065\004\100}{chapter.3}% 21
\BOOKMARK [1][-]{section.3.4}{\376\377\004\041\004\072\004\060\004\102\004\113\004\062\004\060\004\075\004\070\004\065\000\040\004\064\004\062\004\103\004\105\000\040\004\106\004\070\004\073\004\070\004\075\004\064\004\100\004\076\004\062}{chapter.3}% 22
\BOOKMARK [1][-]{section.3.5}{\376\377\004\037\004\065\004\100\004\065\004\105\004\076\004\064\000\040\004\077\004\076\004\102\004\065\004\075\004\106\004\070\004\060\004\073\004\114\004\075\004\076\004\071\000\040\004\115\004\075\004\065\004\100\004\063\004\070\004\070\000\040\004\062\000\040\004\072\004\070\004\075\004\065\004\102\004\070\004\107\004\065\004\101\004\072\004\103\004\116\000\040\004\070\000\040\004\076\004\061\004\100\004\060\004\102\004\075\004\113\004\071\000\040\004\077\004\065\004\100\004\065\004\105\004\076\004\064}{chapter.3}% 23
\BOOKMARK [0][-]{chapter.4}{\376\377\004\041\004\070\004\073\004\113\000\040\004\070\004\075\004\065\004\100\004\106\004\070\004\070\000,\000\040\004\102\004\117\004\063\004\076\004\102\004\065\004\075\004\070\004\117\000,\000\040\004\102\004\100\004\065\004\075\004\070\004\117\000,\000\040\004\103\004\077\004\100\004\103\004\063\004\076\004\101\004\102\004\070}{}% 24
\BOOKMARK [1][-]{section.4.1}{\376\377\004\041\004\070\004\073\004\060\000\040\004\032\004\076\004\100\004\070\004\076\004\073\004\070\004\101\004\060}{chapter.4}% 25
\BOOKMARK [1][-]{section.4.2}{\376\377\004\034\004\060\004\117\004\102\004\075\004\070\004\072\000\040\004\044\004\103\004\072\004\076}{chapter.4}% 26
\BOOKMARK [1][-]{section.4.3}{\376\377\004\041\004\103\004\105\004\076\004\065\000\040\004\070\000\040\004\066\004\070\004\064\004\072\004\076\004\065\000\040\004\102\004\100\004\065\004\075\004\070\004\065}{chapter.4}% 27
\BOOKMARK [1][-]{section.4.4}{\376\377\004\041\004\070\004\073\004\113\000\040\004\101\004\103\004\105\004\076\004\063\004\076\000\040\004\102\004\100\004\065\004\075\004\070\004\117}{chapter.4}% 28
\BOOKMARK [1][-]{section.4.5}{\376\377\004\027\004\060\004\072\004\076\004\075\000\040\004\023\004\103\004\072\004\060}{chapter.4}% 29
\BOOKMARK [1][-]{section.4.6}{\376\377\004\036\004\102\004\062\004\065\004\101\004\113\000\040\004\075\004\060\000\040\004\062\004\100\004\060\004\111\004\060\004\116\004\111\004\065\004\071\004\101\004\117\000\040\004\077\004\073\004\060\004\102\004\104\004\076\004\100\004\074\004\065}{chapter.4}% 30
\BOOKMARK [1][-]{section.4.7}{\376\377\004\037\004\060\004\100\004\060\004\061\004\076\004\073\004\070\004\107\004\065\004\101\004\072\004\060\004\117\000\040\004\077\004\076\004\062\004\065\004\100\004\105\004\075\004\076\004\101\004\102\004\114\000\040\004\062\004\100\004\060\004\111\004\060\004\116\004\111\004\065\004\071\004\101\004\117\000\040\004\066\004\070\004\064\004\072\004\076\004\101\004\102\004\070}{chapter.4}% 31
